2021-11-29 8:05:23 - PHP Warning:  rename(/storage/upload/tmp-Ew78v3B2qa/upload/admin/language/en-gb/common/dashboard.php,/usr/share/nginx/html/admin/language/en-gb/common/dashboard.php): Operation not permitted in /usr/share/nginx/html/admin/controller/marketplace/install.php on line 218
2021-11-29 8:05:23 - PHP Warning:  rename(/storage/upload/tmp-Ew78v3B2qa/upload/admin/language/en-gb/common/dashboard.php,/usr/share/nginx/html/admin/language/en-gb/common/dashboard.php): Operation not permitted in /usr/share/nginx/html/admin/controller/marketplace/install.php on line 218
2021-11-29 8:05:23 - PHP Warning:  rename(/storage/upload/tmp-Ew78v3B2qa/upload/admin/view/image/payment/secure_trading.png,/usr/share/nginx/html/admin/view/image/payment/secure_trading.png): Operation not permitted in /usr/share/nginx/html/admin/controller/marketplace/install.php on line 218
2021-11-29 8:05:23 - PHP Warning:  rename(/storage/upload/tmp-Ew78v3B2qa/upload/admin/view/image/payment/secure_trading.png,/usr/share/nginx/html/admin/view/image/payment/secure_trading.png): Operation not permitted in /usr/share/nginx/html/admin/controller/marketplace/install.php on line 218
2021-11-29 8:05:23 - PHP Warning:  rename(/storage/upload/tmp-Ew78v3B2qa/upload/admin/view/image/payment/skrill.png,/usr/share/nginx/html/admin/view/image/payment/skrill.png): Operation not permitted in /usr/share/nginx/html/admin/controller/marketplace/install.php on line 218
2021-11-29 8:05:23 - PHP Warning:  rename(/storage/upload/tmp-Ew78v3B2qa/upload/admin/view/image/payment/skrill.png,/usr/share/nginx/html/admin/view/image/payment/skrill.png): Operation not permitted in /usr/share/nginx/html/admin/controller/marketplace/install.php on line 218
2021-11-29 8:05:39 - PHP Warning:  rename(/storage/upload/tmp-Ew78v3B2qa/upload/admin/view/javascript/jquery/jqvmap/maps/jquery.vmap.world.js,/usr/share/nginx/html/admin/view/javascript/jquery/jqvmap/maps/jquery.vmap.world.js): Operation not permitted in /usr/share/nginx/html/admin/controller/marketplace/install.php on line 218
2021-11-29 8:05:39 - PHP Warning:  rename(/storage/upload/tmp-Ew78v3B2qa/upload/admin/view/javascript/jquery/jqvmap/maps/jquery.vmap.world.js,/usr/share/nginx/html/admin/view/javascript/jquery/jqvmap/maps/jquery.vmap.world.js): Operation not permitted in /usr/share/nginx/html/admin/controller/marketplace/install.php on line 218
2021-11-29 15:48:52 - PHP Warning:  rmdir(/storage/modification/admin): Directory not empty in /usr/share/nginx/html/admin/controller/marketplace/modification.php on line 105
2021-11-29 15:48:56 - PHP Warning:  unlink(/storage/modification/catalog/controller/product/product.php): No such file or directory in /usr/share/nginx/html/admin/controller/marketplace/modification.php on line 101
2021-11-29 15:48:56 - PHP Warning:  unlink(/storage/modification/catalog/controller/product/category.php): No such file or directory in /usr/share/nginx/html/admin/controller/marketplace/modification.php on line 101
2021-11-29 15:48:56 - PHP Warning:  rmdir(/storage/modification/catalog/controller/product): No such file or directory in /usr/share/nginx/html/admin/controller/marketplace/modification.php on line 105
2021-11-29 15:48:56 - PHP Warning:  unlink(/storage/modification/catalog/controller/common/cart.php): No such file or directory in /usr/share/nginx/html/admin/controller/marketplace/modification.php on line 101
2021-11-29 15:48:56 - PHP Warning:  rmdir(/storage/modification/catalog/controller/common): No such file or directory in /usr/share/nginx/html/admin/controller/marketplace/modification.php on line 105
2021-11-29 15:48:56 - PHP Warning:  unlink(/storage/modification/catalog/controller/checkout/shipping_address.php): No such file or directory in /usr/share/nginx/html/admin/controller/marketplace/modification.php on line 101
2021-11-29 15:48:56 - PHP Warning:  unlink(/storage/modification/catalog/controller/checkout/payment_address.php): No such file or directory in /usr/share/nginx/html/admin/controller/marketplace/modification.php on line 101
2021-11-29 15:48:56 - PHP Warning:  unlink(/storage/modification/catalog/controller/checkout/cart.php): No such file or directory in /usr/share/nginx/html/admin/controller/marketplace/modification.php on line 101
2021-11-29 15:48:56 - PHP Warning:  rmdir(/storage/modification/catalog/controller/checkout): No such file or directory in /usr/share/nginx/html/admin/controller/marketplace/modification.php on line 105
2021-11-29 15:48:56 - PHP Warning:  unlink(/storage/modification/catalog/controller/api/order.php): No such file or directory in /usr/share/nginx/html/admin/controller/marketplace/modification.php on line 101
2021-11-29 15:48:56 - PHP Warning:  rmdir(/storage/modification/catalog/controller/api): No such file or directory in /usr/share/nginx/html/admin/controller/marketplace/modification.php on line 105
2021-11-29 15:48:56 - PHP Warning:  unlink(/storage/modification/catalog/controller/account/account.php): No such file or directory in /usr/share/nginx/html/admin/controller/marketplace/modification.php on line 101
2021-11-29 15:48:56 - PHP Warning:  rmdir(/storage/modification/catalog/controller/account): No such file or directory in /usr/share/nginx/html/admin/controller/marketplace/modification.php on line 105
2021-11-29 15:48:56 - PHP Warning:  rmdir(/storage/modification/catalog/controller): No such file or directory in /usr/share/nginx/html/admin/controller/marketplace/modification.php on line 105
2021-11-29 15:48:56 - PHP Warning:  unlink(/storage/modification/admin/view/template/catalog/product_form.twig): No such file or directory in /usr/share/nginx/html/admin/controller/marketplace/modification.php on line 101
2021-11-29 15:48:56 - PHP Warning:  rmdir(/storage/modification/admin/view/template/catalog): No such file or directory in /usr/share/nginx/html/admin/controller/marketplace/modification.php on line 105
2021-11-29 15:48:56 - PHP Warning:  rmdir(/storage/modification/admin/view/template): No such file or directory in /usr/share/nginx/html/admin/controller/marketplace/modification.php on line 105
2021-11-29 15:48:56 - PHP Warning:  rmdir(/storage/modification/admin/view): No such file or directory in /usr/share/nginx/html/admin/controller/marketplace/modification.php on line 105
2021-11-29 15:48:56 - PHP Warning:  unlink(/storage/modification/admin/model/catalog/product.php): No such file or directory in /usr/share/nginx/html/admin/controller/marketplace/modification.php on line 101
2021-11-29 15:48:56 - PHP Warning:  rmdir(/storage/modification/admin/model/catalog): No such file or directory in /usr/share/nginx/html/admin/controller/marketplace/modification.php on line 105
2021-11-29 15:48:56 - PHP Warning:  rmdir(/storage/modification/admin/model): No such file or directory in /usr/share/nginx/html/admin/controller/marketplace/modification.php on line 105
2021-11-29 15:48:56 - PHP Warning:  unlink(/storage/modification/admin/language/en-gb/catalog/product.php): No such file or directory in /usr/share/nginx/html/admin/controller/marketplace/modification.php on line 101
2021-11-29 15:48:56 - PHP Warning:  Cannot modify header information - headers already sent by (output started at /usr/share/nginx/html/admin/controller/startup/error.php:34) in /usr/share/nginx/html/system/library/response.php on line 36
2021-11-29 15:48:56 - PHP Warning:  rmdir(/storage/modification/admin/language/en-gb/catalog): No such file or directory in /usr/share/nginx/html/admin/controller/marketplace/modification.php on line 105
2021-11-29 15:48:56 - PHP Warning:  rmdir(/storage/modification/admin/language): No such file or directory in /usr/share/nginx/html/admin/controller/marketplace/modification.php on line 105
2021-11-29 15:48:56 - PHP Warning:  unlink(/storage/modification/admin/controller/marketplace/install.php): No such file or directory in /usr/share/nginx/html/admin/controller/marketplace/modification.php on line 101
2021-11-29 15:48:56 - PHP Warning:  rmdir(/storage/modification/admin/controller/marketplace): No such file or directory in /usr/share/nginx/html/admin/controller/marketplace/modification.php on line 105
2021-11-29 15:48:56 - PHP Warning:  unlink(/storage/modification/admin/controller/common/column_left.php): No such file or directory in /usr/share/nginx/html/admin/controller/marketplace/modification.php on line 101
2021-11-29 15:48:56 - PHP Warning:  rmdir(/storage/modification/admin/controller/common): No such file or directory in /usr/share/nginx/html/admin/controller/marketplace/modification.php on line 105
2021-11-29 15:48:56 - PHP Warning:  unlink(/storage/modification/admin/controller/catalog/product.php): No such file or directory in /usr/share/nginx/html/admin/controller/marketplace/modification.php on line 101
2021-11-29 15:48:56 - PHP Warning:  rmdir(/storage/modification/admin/controller/catalog): No such file or directory in /usr/share/nginx/html/admin/controller/marketplace/modification.php on line 105
2021-11-29 15:48:56 - PHP Warning:  rmdir(/storage/modification/admin/controller): No such file or directory in /usr/share/nginx/html/admin/controller/marketplace/modification.php on line 105
2021-11-29 15:48:56 - PHP Warning:  rmdir(/storage/modification/admin): No such file or directory in /usr/share/nginx/html/admin/controller/marketplace/modification.php on line 105
2021-11-29 15:48:57 - PHP Warning:  mkdir(): File exists in /usr/share/nginx/html/admin/controller/marketplace/modification.php on line 414
2021-11-29 15:48:57 - PHP Warning:  mkdir(): File exists in /usr/share/nginx/html/admin/controller/marketplace/modification.php on line 414
2021-11-29 15:48:57 - PHP Warning:  mkdir(): File exists in /usr/share/nginx/html/admin/controller/marketplace/modification.php on line 414
2021-11-29 15:48:57 - PHP Warning:  mkdir(): File exists in /usr/share/nginx/html/admin/controller/marketplace/modification.php on line 414
2021-11-29 15:48:57 - PHP Warning:  mkdir(): File exists in /usr/share/nginx/html/admin/controller/marketplace/modification.php on line 414
2021-11-29 15:48:57 - PHP Warning:  mkdir(): File exists in /usr/share/nginx/html/admin/controller/marketplace/modification.php on line 414
2021-11-29 15:48:57 - PHP Warning:  mkdir(): File exists in /usr/share/nginx/html/admin/controller/marketplace/modification.php on line 414
2021-11-29 15:48:57 - PHP Warning:  mkdir(): File exists in /usr/share/nginx/html/admin/controller/marketplace/modification.php on line 414
2021-11-29 15:48:57 - PHP Warning:  mkdir(): File exists in /usr/share/nginx/html/admin/controller/marketplace/modification.php on line 414
2021-11-29 15:48:57 - PHP Warning:  mkdir(): File exists in /usr/share/nginx/html/admin/controller/marketplace/modification.php on line 414
2021-11-29 15:48:57 - PHP Warning:  mkdir(): File exists in /usr/share/nginx/html/admin/controller/marketplace/modification.php on line 414
2021-11-29 15:48:57 - PHP Warning:  mkdir(): File exists in /usr/share/nginx/html/admin/controller/marketplace/modification.php on line 414
2021-11-29 15:48:57 - PHP Warning:  mkdir(): File exists in /usr/share/nginx/html/admin/controller/marketplace/modification.php on line 414
2021-11-29 15:48:57 - PHP Warning:  mkdir(): File exists in /usr/share/nginx/html/admin/controller/marketplace/modification.php on line 414
2021-11-29 15:48:57 - PHP Warning:  mkdir(): File exists in /usr/share/nginx/html/admin/controller/marketplace/modification.php on line 414
2021-11-29 15:48:57 - PHP Warning:  mkdir(): File exists in /usr/share/nginx/html/admin/controller/marketplace/modification.php on line 414
2021-11-29 15:48:57 - PHP Warning:  mkdir(): File exists in /usr/share/nginx/html/admin/controller/marketplace/modification.php on line 414
2021-11-29 15:48:57 - PHP Warning:  mkdir(): File exists in /usr/share/nginx/html/admin/controller/marketplace/modification.php on line 414
2021-11-29 15:48:57 - PHP Warning:  mkdir(): File exists in /usr/share/nginx/html/admin/controller/marketplace/modification.php on line 414
2021-11-29 15:48:57 - PHP Warning:  mkdir(): File exists in /usr/share/nginx/html/admin/controller/marketplace/modification.php on line 414
2021-11-29 15:48:57 - PHP Warning:  mkdir(): File exists in /usr/share/nginx/html/admin/controller/marketplace/modification.php on line 414
2021-11-29 15:48:57 - PHP Warning:  mkdir(): File exists in /usr/share/nginx/html/admin/controller/marketplace/modification.php on line 414
2021-11-29 15:48:57 - PHP Warning:  mkdir(): File exists in /usr/share/nginx/html/admin/controller/marketplace/modification.php on line 414
2021-11-29 15:48:57 - PHP Warning:  mkdir(): File exists in /usr/share/nginx/html/admin/controller/marketplace/modification.php on line 414
2021-11-29 15:48:57 - PHP Warning:  Cannot modify header information - headers already sent by (output started at /usr/share/nginx/html/admin/controller/startup/error.php:34) in /usr/share/nginx/html/system/library/response.php on line 36
2021-11-29 15:48:57 - PHP Warning:  Cannot modify header information - headers already sent by (output started at /usr/share/nginx/html/admin/controller/startup/error.php:34) in /usr/share/nginx/html/system/library/response.php on line 36
